[    0.000000] Initializing cgroup subsys cpuset
[    0.000000] Initializing cgroup subsys cpu
[    0.000000] Initializing cgroup subsys cpuacct
[    0.000000] Linux version 4.4.0-112-generic (buildd@lgw01-amd64-010) (gcc version 5.4.0 20160609 (Ubuntu 5.4.0-6ubuntu1~16.04.5) ) #135-Ubuntu SMP Fri Jan 19 11:48:36 UTC 2018 (Ubuntu 4.4.0-112.135-generic 4.4.98)
[    0.000000] Command line: BOOT_IMAGE=/boot/vmlinuz-4.4.0-112-generic root=LABEL=cloudimg-rootfs ro console=tty1 console=ttyS0
[    0.000000] KERNEL supported cpus:
[    0.000000]   Intel GenuineIntel
[    0.000000]   AMD AuthenticAMD
[    0.000000]   Centaur CentaurHauls
[    0.000000] ------------[ cut here ]------------
[    0.000000] WARNING: CPU: 0 PID: 0 at /build/linux-HSAA8v/linux-4.4.0/arch/x86/kernel/fpu/xstate.c:517 fpu__init_system_xstate+0x38b/0x75a()
[    0.000000] XSAVE consistency problem, dumping leaves
[    0.000000] Modules linked in:
[    0.000000] CPU: 0 PID: 0 Comm: swapper Not tainted 4.4.0-112-generic #135-Ubuntu
[    0.000000]  0000000000000086 39de23564ae571d4 ffffffff81e03d80 ffffffff813fc233
[    0.000000]  ffffffff81e03dc8 ffffffff81cab100 ffffffff81e03db8 ffffffff81081f82
[    0.000000]  ffffffff81e03e48 ffffffff81e03e4c 0000000000000008 0000000000000100
[    0.000000] Call Trace:
[    0.000000]  [<ffffffff813fc233>] dump_stack+0x63/0x90
[    0.000000]  [<ffffffff81081f82>] warn_slowpath_common+0x82/0xc0
[    0.000000]  [<ffffffff8108201c>] warn_slowpath_fmt+0x5c/0x80
[    0.000000]  [<ffffffff8107dc20>] ? xfeature_size+0x59/0x77
[    0.000000]  [<ffffffff81f72275>] fpu__init_system_xstate+0x38b/0x75a
[    0.000000]  [<ffffffff81f62120>] ? early_idt_handler_array+0x120/0x120
[    0.000000]  [<ffffffff81f71be0>] fpu__init_system+0x10d/0x245
[    0.000000]  [<ffffffff81f72ce9>] early_cpu_init+0x139/0x13e
[    0.000000]  [<ffffffff81f72ce9>] ? early_cpu_init+0x139/0x13e
[    0.000000]  [<ffffffff81f6e19b>] setup_arch+0xb4/0xcfb
[    0.000000]  [<ffffffff81f62120>] ? early_idt_handler_array+0x120/0x120
[    0.000000]  [<ffffffff81f62c74>] start_kernel+0xe4/0x4a7
[    0.000000]  [<ffffffff81f62120>] ? early_idt_handler_array+0x120/0x120
[    0.000000]  [<ffffffff81f62339>] x86_64_start_reservations+0x2a/0x2c
[    0.000000]  [<ffffffff81f62485>] x86_64_start_kernel+0x14a/0x16d
[    0.000000] ---[ end trace 4d5ff9f2f68c4233 ]---
[    0.000000] CPUID[0d, 00]: eax=00000007 ebx=00000440 ecx=00000440 edx=00000000
[    0.000000] CPUID[0d, 01]: eax=00000000 ebx=000003c0 ecx=00000000 edx=00000000
[    0.000000] CPUID[0d, 02]: eax=00000100 ebx=00000240 ecx=00000000 edx=00000000
[    0.000000] CPUID[0d, 03]: eax=00000000 ebx=00000000 ecx=00000000 edx=00000000
[    0.000000] CPUID[0d, 04]: eax=00000000 ebx=00000000 ecx=00000000 edx=00000000
[    0.000000] CPUID[0d, 05]: eax=00000000 ebx=00000000 ecx=00000000 edx=00000000
[    0.000000] CPUID[0d, 06]: eax=00000000 ebx=00000000 ecx=00000000 edx=00000000
[    0.000000] CPUID[0d, 07]: eax=00000000 ebx=00000000 ecx=00000000 edx=00000000
[    0.000000] CPUID[0d, 08]: eax=00000000 ebx=00000000 ecx=00000000 edx=00000000
[    0.000000] CPUID[0d, 09]: eax=00000000 ebx=00000000 ecx=00000000 edx=00000000
[    0.000000] CPUID[0d, 0a]: eax=00000000 ebx=00000000 ecx=00000000 edx=00000000
[    0.000000] CPUID[0d, 0b]: eax=00000000 ebx=00000000 ecx=00000000 edx=00000000
[    0.000000] CPUID[0d, 0c]: eax=00000000 ebx=00000000 ecx=00000000 edx=00000000
[    0.000000] CPUID[0d, 0d]: eax=00000000 ebx=00000000 ecx=00000000 edx=00000000
[    0.000000] CPUID[0d, 0e]: eax=00000000 ebx=00000000 ecx=00000000 edx=00000000
[    0.000000] CPUID[0d, 0f]: eax=00000000 ebx=00000000 ecx=00000000 edx=00000000
[    0.000000] CPUID[0d, 10]: eax=00000000 ebx=00000000 ecx=00000000 edx=00000000
[    0.000000] CPUID[0d, 11]: eax=00000000 ebx=00000000 ecx=00000000 edx=00000000
[    0.000000] x86/fpu: xstate_offset[2]:  576, xstate_sizes[2]:  256
[    0.000000] x86/fpu: Supporting XSAVE feature 0x01: 'x87 floating point registers'
[    0.000000] x86/fpu: Supporting XSAVE feature 0x02: 'SSE registers'
[    0.000000] x86/fpu: Supporting XSAVE feature 0x04: 'AVX registers'
[    0.000000] x86/fpu: Enabled xstate features 0x7, context size is 1088 bytes, using 'standard' format.
[    0.000000] x86/fpu: Using 'lazy' FPU context switches.
[    0.000000] e820: BIOS-provided physical RAM map:
[    0.000000] BIOS-e820: [mem 0x0000000000000000-0x000000000009fbff] usable
[    0.000000] BIOS-e820: [mem 0x000000000009fc00-0x000000000009ffff] reserved
[    0.000000] BIOS-e820: [mem 0x00000000000f0000-0x00000000000fffff] reserved
[    0.000000] BIOS-e820: [mem 0x0000000000100000-0x000000007ffeffff] usable
[    0.000000] BIOS-e820: [mem 0x000000007fff0000-0x000000007fffffff] ACPI data
[    0.000000] BIOS-e820: [mem 0x00000000fec00000-0x00000000fec00fff] reserved
[    0.000000] BIOS-e820: [mem 0x00000000fee00000-0x00000000fee00fff] reserved
[    0.000000] BIOS-e820: [mem 0x00000000fffc0000-0x00000000ffffffff] reserved
[    0.000000] NX (Execute Disable) protection: active
[    0.000000] SMBIOS 2.5 present.
[    0.000000] Hypervisor detected: KVM
[    0.000000] e820: last_pfn = 0x7fff0 max_arch_pfn = 0x400000000
[    0.000000] MTRR: Disabled
[    0.000000] x86/PAT: MTRRs disabled, skipping PAT initialization too.
[    0.000000] CPU MTRRs all blank - virtualized system.
[    0.000000] x86/PAT: Configuration [0-7]: WB  WT  UC- UC  WB  WT  UC- UC  
[    0.000000] found SMP MP-table at [mem 0x0009fff0-0x0009ffff] mapped at [ffff88000009fff0]
[    0.000000] Scanning 1 areas for low memory corruption
[    0.000000] RAMDISK: [mem 0x36adc000-0x37565fff]
[    0.000000] ACPI: Early table checksum verification disabled
[    0.000000] ACPI: RSDP 0x00000000000E0000 000024 (v02 VBOX  )
[    0.000000] ACPI: XSDT 0x000000007FFF0030 00003C (v01 VBOX   VBOXXSDT 00000001 ASL  00000061)
[    0.000000] ACPI: FACP 0x000000007FFF00F0 0000F4 (v04 VBOX   VBOXFACP 00000001 ASL  00000061)
[    0.000000] ACPI: DSDT 0x000000007FFF0470 0021C8 (v02 VBOX   VBOXBIOS 00000002 INTL 20160108)
[    0.000000] ACPI: FACS 0x000000007FFF0200 000040
[    0.000000] ACPI: FACS 0x000000007FFF0200 000040
[    0.000000] ACPI: APIC 0x000000007FFF0240 00005C (v02 VBOX   VBOXAPIC 00000001 ASL  00000061)
[    0.000000] ACPI: SSDT 0x000000007FFF02A0 0001CC (v01 VBOX   VBOXCPUT 00000002 INTL 20160108)
[    0.000000] No NUMA configuration found
[    0.000000] Faking a node at [mem 0x0000000000000000-0x000000007ffeffff]
[    0.000000] NODE_DATA(0) allocated [mem 0x7ffeb000-0x7ffeffff]
[    0.000000] kvm-clock: Using msrs 4b564d01 and 4b564d00
[    0.000000] kvm-clock: cpu 0, msr 0:7ffe3001, primary cpu clock
[    0.000000] kvm-clock: using sched offset of 3597067788 cycles
[    0.000000] clocksource: kvm-clock: mask: 0xffffffffffffffff max_cycles: 0x1cd42e4dffb, max_idle_ns: 881590591483 ns
[    0.000000] Zone ranges:
[    0.000000]   DMA      [mem 0x0000000000001000-0x0000000000ffffff]
[    0.000000]   DMA32    [mem 0x0000000001000000-0x000000007ffeffff]
[    0.000000]   Normal   empty
[    0.000000]   Device   empty
[    0.000000] Movable zone start for each node
[    0.000000] Early memory node ranges
[    0.000000]   node   0: [mem 0x0000000000001000-0x000000000009efff]
[    0.000000]   node   0: [mem 0x0000000000100000-0x000000007ffeffff]
[    0.000000] Initmem setup node 0 [mem 0x0000000000001000-0x000000007ffeffff]
[    0.000000] ACPI: PM-Timer IO Port: 0x4008
[    0.000000] IOAPIC[0]: apic_id 2, version 32, address 0xfec00000, GSI 0-23
[    0.000000] ACPI: INT_SRC_OVR (bus 0 bus_irq 0 global_irq 2 dfl dfl)
[    0.000000] ACPI: INT_SRC_OVR (bus 0 bus_irq 9 global_irq 9 high level)
[    0.000000] Using ACPI (MADT) for SMP configuration information
[    0.000000] smpboot: Allowing 2 CPUs, 0 hotplug CPUs
[    0.000000] PM: Registered nosave memory: [mem 0x00000000-0x00000fff]
[    0.000000] PM: Registered nosave memory: [mem 0x0009f000-0x0009ffff]
[    0.000000] PM: Registered nosave memory: [mem 0x000a0000-0x000effff]
[    0.000000] PM: Registered nosave memory: [mem 0x000f0000-0x000fffff]
[    0.000000] e820: [mem 0x80000000-0xfebfffff] available for PCI devices
[    0.000000] Booting paravirtualized kernel on KVM
[    0.000000] clocksource: refined-jiffies: mask: 0xffffffff max_cycles: 0xffffffff, max_idle_ns: 7645519600211568 ns
[    0.000000] setup_percpu: NR_CPUS:512 nr_cpumask_bits:512 nr_cpu_ids:2 nr_node_ids:1
[    0.000000] PERCPU: Embedded 34 pages/cpu @ffff88007fc00000 s99544 r8192 d31528 u1048576
[    0.000000] PV qspinlock hash table entries: 256 (order: 0, 4096 bytes)
[    0.000000] Built 1 zonelists in Node order, mobility grouping on.  Total pages: 515961
[    0.000000] Policy zone: DMA32
[    0.000000] Kernel command line: BOOT_IMAGE=/boot/vmlinuz-4.4.0-112-generic root=LABEL=cloudimg-rootfs ro console=tty1 console=ttyS0
[    0.000000] PID hash table entries: 4096 (order: 3, 32768 bytes)
[    0.000000] Memory: 2033932K/2096696K available (8499K kernel code, 1309K rwdata, 3988K rodata, 1508K init, 1316K bss, 62764K reserved, 0K cma-reserved)
[    0.000000] SLUB: HWalign=64, Order=0-3, MinObjects=0, CPUs=2, Nodes=1
[    0.000000] Kernel/User page tables isolation: enabled
[    0.000000] Hierarchical RCU implementation.
[    0.000000] 	Build-time adjustment of leaf fanout to 64.
[    0.000000] 	RCU restricting CPUs from NR_CPUS=512 to nr_cpu_ids=2.
[    0.000000] RCU: Adjusting geometry for rcu_fanout_leaf=64, nr_cpu_ids=2
[    0.000000] NR_IRQS:33024 nr_irqs:440 16
[    0.000000] Console: colour VGA+ 80x25
[    0.000000] console [tty1] enabled
[    0.000000] console [ttyS0] enabled
[    0.000000] tsc: Detected 2903.988 MHz processor
[    4.209189] Calibrating delay loop (skipped) preset value.. 5807.97 BogoMIPS (lpj=11615952)
[    4.211790] pid_max: default: 32768 minimum: 301
[    4.213094] ACPI: Core revision 20150930
[    4.215443] ACPI: 2 ACPI AML tables successfully acquired and loaded
[    4.217260] Security Framework initialized
[    4.220659] Yama: becoming mindful.
[    4.221727] AppArmor: AppArmor initialized
[    4.223553] Dentry cache hash table entries: 262144 (order: 9, 2097152 bytes)
[    4.226006] Inode-cache hash table entries: 131072 (order: 8, 1048576 bytes)
[    4.229600] Mount-cache hash table entries: 4096 (order: 3, 32768 bytes)
[    4.232236] Mountpoint-cache hash table entries: 4096 (order: 3, 32768 bytes)
[    4.234369] Initializing cgroup subsys io
[    4.235544] Initializing cgroup subsys memory
[    4.236724] Initializing cgroup subsys devices
[    4.237878] Initializing cgroup subsys freezer
[    4.239041] Initializing cgroup subsys net_cls
[    4.240260] Initializing cgroup subsys perf_event
[    4.241487] Initializing cgroup subsys net_prio
[    4.242693] Initializing cgroup subsys hugetlb
[    4.243937] Initializing cgroup subsys pids
[    4.245173] CPU: Physical Processor ID: 0
[    4.246294] CPU: Processor Core ID: 0
[    4.247347] FEATURE SPEC_CTRL Not Present
[    4.249624] mce: CPU supports 0 MCE banks
[    4.251039] Last level iTLB entries: 4KB 64, 2MB 8, 4MB 8
[    4.253121] Last level dTLB entries: 4KB 64, 2MB 0, 4MB 0, 1GB 4
[    4.269381] Freeing SMP alternatives memory: 32K
[    4.281427] ftrace: allocating 32180 entries in 126 pages
[    4.331930] smpboot: APIC(0) Converting physical 0 to logical package 0
[    4.334070] smpboot: Max logical packages: 1
[    4.336053] x2apic enabled
[    4.337642] Switched APIC routing to physical x2apic.
[    4.340485] ..TIMER: vector=0x30 apic1=0 pin1=2 apic2=-1 pin2=-1
[    4.447603] smpboot: CPU0: Intel(R) Core(TM) i7-7500U CPU @ 2.70GHz (family: 0x6, model: 0x8e, stepping: 0x9)
[    4.450460] Performance Events: unsupported p6 CPU model 142 no PMU driver, software events only.
[    4.453023] KVM setup paravirtual spinlock
[    4.456827] x86: Booting SMP configuration:
[    4.458035] .... node  #0, CPUs:      #1
[    4.459237] kvm-clock: cpu 1, msr 0:7ffe3041, secondary cpu clock
[    4.463938] mce: CPU supports 0 MCE banks
[    4.469677] x86: Booted up 1 node, 2 CPUs
[    4.471063] smpboot: Total of 2 processors activated (11615.95 BogoMIPS)
[    4.473184] devtmpfs: initialized
[    4.475203] evm: security.selinux
[    4.495610] evm: security.SMACK64
[    4.510618] evm: security.SMACK64EXEC
[    4.511665] evm: security.SMACK64TRANSMUTE
[    4.512821] evm: security.SMACK64MMAP
[    4.513852] evm: security.ima
[    4.514782] evm: security.capability
[    4.516071] clocksource: jiffies: mask: 0xffffffff max_cycles: 0xffffffff, max_idle_ns: 7645041785100000 ns
[    4.518664] futex hash table entries: 512 (order: 3, 32768 bytes)
[    4.520410] pinctrl core: initialized pinctrl subsystem
[    4.521893] RTC time: 15:43:48, date: 03/10/18
[    4.524855] NET: Registered protocol family 16
[    4.535117] cpuidle: using governor ladder
[    4.547155] cpuidle: using governor menu
[    4.558809] PCCT header not found.
[    4.560047] ACPI: bus type PCI registered
[    4.561291] acpiphp: ACPI Hot Plug PCI Controller Driver version: 0.5
[    4.563297] PCI: Using configuration type 1 for base access
[    4.575805] ACPI: Added _OSI(Module Device)
[    4.608697] ACPI: Added _OSI(Processor Device)
[    4.610002] ACPI: Added _OSI(3.0 _SCP Extensions)
[    4.611404] ACPI: Added _OSI(Processor Aggregator Device)
[    4.613637] ACPI: Executed 1 blocks of module-level executable AML code
[    4.617667] ACPI: Interpreter enabled
[    4.618747] ACPI: (supports S0 S5)
[    4.619824] ACPI: Using IOAPIC for interrupt routing
[    4.621468] PCI: Using host bridge windows from ACPI; if necessary, use "pci=nocrs" and report a bug
[    4.629809] ACPI: PCI Root Bridge [PCI0] (domain 0000 [bus 00-ff])
[    4.714970] acpi PNP0A03:00: _OSC: OS supports [ASPM ClockPM Segments MSI]
[    4.794286] acpi PNP0A03:00: _OSC failed (AE_NOT_FOUND); disabling ASPM
[    4.884901] acpi PNP0A03:00: fail to add MMCONFIG information, can't access extended PCI configuration space under this bridge.
[    5.016720] PCI host bridge to bus 0000:00
[    5.046575] pci_bus 0000:00: root bus resource [io  0x0000-0x0cf7 window]
[    5.100164] pci_bus 0000:00: root bus resource [io  0x0d00-0xffff window]
[    5.111210] pci_bus 0000:00: root bus resource [mem 0x000a0000-0x000bffff window]
[    5.113376] pci_bus 0000:00: root bus resource [mem 0x80000000-0xffdfffff window]
[    5.115525] pci_bus 0000:00: root bus resource [bus 00-ff]
[    5.153064] pci 0000:00:01.1: legacy IDE quirk: reg 0x10: [io  0x01f0-0x01f7]
[    5.161496] pci 0000:00:01.1: legacy IDE quirk: reg 0x14: [io  0x03f6]
[    5.163303] pci 0000:00:01.1: legacy IDE quirk: reg 0x18: [io  0x0170-0x0177]
[    5.165294] pci 0000:00:01.1: legacy IDE quirk: reg 0x1c: [io  0x0376]
[    5.189210] pci 0000:00:07.0: quirk: [io  0x4000-0x403f] claimed by PIIX4 ACPI
[    5.196869] pci 0000:00:07.0: quirk: [io  0x4100-0x410f] claimed by PIIX4 SMB
[    5.216194] ACPI: PCI Interrupt Link [LNKA] (IRQs 5 9 10 *11)
[    5.233821] ACPI: PCI Interrupt Link [LNKB] (IRQs 5 9 10 *11)
[    5.236175] ACPI: PCI Interrupt Link [LNKC] (IRQs 5 9 *10 11)
[    5.238479] ACPI: PCI Interrupt Link [LNKD] (IRQs 5 *9 10 11)
[    5.240858] ACPI: Enabled 2 GPEs in block 00 to 07
[    5.243386] vgaarb: setting as boot device: PCI:0000:00:02.0
[    5.290489] vgaarb: device added: PCI:0000:00:02.0,decodes=io+mem,owns=io+mem,locks=none
[    5.363387] vgaarb: loaded
[    5.391829] vgaarb: bridge control possible 0000:00:02.0
[    5.432368] SCSI subsystem initialized
[    5.463070] ACPI: bus type USB registered
[    5.499417] usbcore: registered new interface driver usbfs
[    5.594185] usbcore: registered new interface driver hub
[    5.693166] usbcore: registered new device driver usb
[    5.770357] PCI: Using ACPI for IRQ routing
[    5.805737] NetLabel: Initializing
[    5.830369] NetLabel:  domain hash size = 128
[    5.860100] NetLabel:  protocols = UNLABELED CIPSOv4
[    5.901219] NetLabel:  unlabeled traffic allowed by default
[    5.940450] amd_nb: Cannot enumerate AMD northbridges
[    5.981410] clocksource: Switched to clocksource kvm-clock
[    6.036700] AppArmor: AppArmor Filesystem Enabled
[    6.117831] pnp: PnP ACPI init
[    6.171745] pnp: PnP ACPI: found 3 devices
[    6.269727] clocksource: acpi_pm: mask: 0xffffff max_cycles: 0xffffff, max_idle_ns: 2085701024 ns
[    6.468049] NET: Registered protocol family 2
[    6.577906] TCP established hash table entries: 16384 (order: 5, 131072 bytes)
[    6.736791] TCP bind hash table entries: 16384 (order: 6, 262144 bytes)
[    6.910709] TCP: Hash tables configured (established 16384 bind 16384)
[    7.077827] UDP hash table entries: 1024 (order: 3, 32768 bytes)
[    7.224177] UDP-Lite hash table entries: 1024 (order: 3, 32768 bytes)
[    7.382114] NET: Registered protocol family 1
[    7.406747] pci 0000:00:00.0: Limiting direct PCI/PCI transfers
[    7.553047] pci 0000:00:01.0: Activating ISA DMA hang workarounds
[    7.633798] Unpacking initramfs...
[    9.149768] Freeing initrd memory: 10792K
[    9.220869] platform rtc_cmos: registered platform RTC device (no PNP device found)
[    9.306198] Scanning for low memory corruption every 60 seconds
[    9.408896] audit: initializing netlink subsys (disabled)
[    9.418231] audit: tppe=2000 audit(1520696632.577:1): initialized
[    9.538468] Initialise system trusted keyrnn
[    9.77770]] HugeTLB registered 2 MB page size, pre-allocated 0 aages
[   10.120052] zbud: loaded
[   10.187960] VFS: Disk quotas dquot_6.6.0
[   10.431481] VFS: Dquot-cache hash table entries: 512 (order 0, 4096 bytes)
[   10.434394] tsc: Refined TSC clocksource calibration: 2903.521 MHz
[   10.434395] clocksource: tsc: mask: 0xffffffffffffffff max_cycles: 0x29da415f386, max_idle_ns: 440795665446 ns
[   11.168309] squashfs: version 4.0 (2009/01/31) Phillip Lougher
[   11.488215] fuse init (API version 7.23)
[   11.508406] Key type big_key registered
[   11.509203] Allocating IMA MOK and blacklist keyrings.
[   11.510752] Key type asymmetric registered
[   11.588235] Asymmetric key parser 'x509' registered
[   11.589657] Block layer SCSI generic (bsg) driver version 0.4 loaded (major 249)
[   11.609206] io scheduler noop registered
[   11.658452] io scheduler deadline registered (default)
[   11.768077] io scheduler cfq registered
[   11.790394] pci_hotplug: PCI Hot Plug PCI Core version: 0.5
[   11.798945] pciehp: PCI Express Hot Plug Controller Driver version: 0.4
[   11.819350] ACPI: AC Adapter [AC] (on-line)
[   11.838634] input: Power Button as /devices/LNXSYSTM:00/LNXPWRBN:00/input/input0
[   11.954569] ACPI: Power Button [PWRF]
[   11.956123] input: Sleep Button as /devices/LNXSYSTM:00/LNXSLPBN:00/input/input1
[   11.969482] ACPI: Sleep Button [SLPF]
[   11.970870] GHES: HEST is not enabled!
[   11.972725] ACPI: Battery Slot [BAT0] (battery present)
[   11.995377] Serial: 8250/16550 driver, 32 ports, IRQ sharing enabled
[   12.018723] 00:02: ttyS0 at I/O 0x3f8 (irq = 4, base_baud = 115200) is a 16550A
[   12.053754] Linux agpgart interface v0.103
[   12.057897] loop: module loaded
[   12.060011] scsi host0: ata_piix
[   12.061197] scsi host1: ata_piix
[   12.062297] ata1: PATA max UDMA/33 cmd 0x1f0 ctl 0x3f6 bmdma 0xd000 irq 14
[   12.097862] ata2: PATA max UDMA/33 cmd 0x170 ctl 0x376 bmdma 0xd008 irq 15
[   12.124337] libphy: Fixed MDIO Bus: probed
[   12.267796] tun: Universll TUN/TAP device driver, 1.6
[   12.577876] tun: (C) 1999-2004 Max Krasnyansky <maxk@qualcomm.com>
[   12.659322] PPP generic driver version 2.4.2
[   12.660923] ehci_hcd: USB 2.0 'Enhanced' Host Controller (EHCI) Driver
[   12.663257] ehci-pci: EHCI PCI platform driver
[   12.664655] ehci-platform: EHCI generic platform driver
[   12.666245] ohci_hcd: USB 1.1 'Open' Host Controller (OHCI) Driver
[   12.668017] ohci-pci: OHCI PCI platform driver
[   12.669679] ohci-platform: OHCI generic platform driver
[   12.698014] uhci_hcd: USB Universal Host Controller Interface driver
[   12.700706] i8042: PNP: PS/2 Controller [PNP0303:PS2K,PNP0f03:PS2M] at 0x60,0x64 irq 1,12
[   12.703689] serio: i8042 KBD port at 0x60,0x64 irq 1
[   12.705158] serio: i8042 AUX port at 0x60,0x64 irq 12
[   12.706802] mousedev: PS/2 mouse device common for all mice
[   12.708893] input: AT Translated Set 2 keyboard as /devices/platform/i8042/serio0/input/input2
[   12.988079] rtc_cmos rtc_cmos: rtc core: registered rtc_cmos as rtc0
[   13.066025] rtc_cmos rtc_cmos: alarms up to one day, 114 bytes nvram
[   13.183633] i2c /dev entries driver
[   13.254275] device-mapper: uevent: version 1.0.3
[   333330008] device-mapper: ioctl: 4.34.0-ioctl (2015-10-28) initialised: dm-devel@redhttccmm

[   13.636435] ledtrig-cpu: registered to indicate activity on CPUs
[   13.766228] NET: Registered protocol family 10
[   13.921351] NET: Registered protocol family 17
[   13.958056] Key type dns_resolver registered
[   13.978281] microcode: CPU0 sig=0x806e9, pf=0x8, revision=0x0
[   14.175533] iirrccdde: CPU1 sig=0x806e9, pf=0x8, revision=0x0
[   14.438136] microcode: Microcode Update Driver: v2.01 <tigran@aivazian.fsnet.co.uk>, Peter Oruba
[   144447518] registered taskstats version 1
[   14.697747] Loading compiled-in X.509 certificates
[   14.948467] Loaded ..00  eert 'Build time autogenerated kernel key: 4c603087bab8f0a02cb3b4e1fb4c40f507e71ef1'
[   15.388223] zswap: loaded using pool lzo/zbud
[   15.679777  ee  yype trusted registered
[   559953329] Key type encrypte  reiittered
[   16.23776]] AppArmor: AppArmor sha1 policy hashing enabled
[   16.577806] ima: oo TPM chip found, activating TPM-bypass!
[   16.817948] evm: HMAC attrs: 0x1
[   16.948228]   Magic number: 10:8:740
[   16.971212] rtc_cmos rtc_cmos: setting system clock to 2018-03-10 15:44:00 UTC (1520696640)
[   16.973727] BIOS EDD facility v0.16 2004-Jun-25, 0 devices found
[   16.993858] EDD information not available.
[   16.999687] Freeing unused kernel memory: 1508K
[   17.015791] Write protecting the kernel read-only data: 14336k
[   17.028734] Freeing unused kernel memory: 1728K
[   17.029899] Freeing unused kernel memory: 108K
Loading, please wait...
[   17.047992] random: systemd-udevd: uninitialized urandom read (16 bytes read, 5 bits of entropy available)
starting version[   17.048446] random: udevadm: uninitialized urandom read (16 bytes read, 5 bits of entropy available)
 229
[   17.048466] random: udevadm: uninitialized urandom read (16 bytes read, 5 bits of entropy available)
[   17.061813] random: udevadm: uninitialized urandom read (16 bytes read, 5 bits of entropy available)
[   17.061859] random: udevadm: uninitialized urandom read (16 bytes read, 5 bits of entropy available)
[   17.062004] random: udevadm: uninitialized urandom read (16 bytes read, 5 bits of entropy available)
[   17.062059] random: udevadm: uninitialized urandom read (16 bytes read, 5 bits of entropy available)
[   17.062112] random: udevadm: uninitialized urandom read (16 bytes read, 5 bits of entropy available)
[   17.062167] random: udevadm: uninitialized urandom read (16 bytes read, 5 bits of entropy available)
[   17.062220] random: udevadm: uninitialized urandom read (16 bytes read, 5 bits of entropy available)
[   20.651534] e1000: Intel(R) PRO/1000 Network Driver - version 7.3.21-k8-NAPI
[   20.887913] e1000: Copyright (c) 1999-2006 Intel Corporation.
[   21.118232] Fusion MPT base driver 3.04.20
[   21.213777] Copyright (c) 1999-2008 LSI Corporation
[   21.255553] AVX version of gcm_enc/dec engaged.
[   21.266760] AES CTR mode by8 optimization enabled
[   21.282096] Fusion MPT SPI Host driver 3.04.20
[   21.457426] input: ImExPS/2 Generic Explorer Mouse as /devices/platform/i8042/serio1/input/input4
[   21.608568] e1000 0000:00:03.0 eth0: (PCI:33MHz:32-bit) 02:69:07:7b:a1:bd
[   21.793352] e1000 0000:00:03.0 eth0: Intel(R) PRO/1000 Network Connection
[   22.317441] e1000 0000:00:08.0 eth1: (PCI:33MHz:32-bit) 08:00:27:46:a7:f8
[   22.475517] e1000 0000:00:08.0 eth1: Intel(R) PRO/1000 Network Connection
[   22.494470] e1000 0000:00:03.0 enp0s3: renamed from eth0
[   22.494490] mptbase: ioc0: Initiating bringup
[   22.710683] e1000 0000:00:08.0 enp0s8: renamed from eth1
[   22.757619] ioc0: LSI53C1030 A0: Capabilities={Initiator}
[   23.044806] scsi host2: ioc0: LSI53C1030 A0, FwRev=00000000h, Ports=1, MaxQ=256, IRQ=20
[   23.239511] scsi 2:0:0:0: Direct-Access     VBOX     HARDDISK         1.0  PQ: 0 ANSI: 5
[   23.390502] scsi target2:0:0: Beginning Domain Validation
[   23.598810] scsi target2:0:0: Domain Validation skipping write tests
[   23.997788] scsi target2:0:0: Ending Domain Validation
[   24.355504] scsi target2:0:0: asynchronous
[   24.508329] floppy0: no floppy controllers found
[   24.510939] scsi 2:0:1:0: Direct-Access     VBOX     HARDDISK         1.0  PQ: 0 ANSI: 5
[   24.530515] scsi target2:0:1: Beginning Domain Validation
[   24.534340] scsi target2:0:1: Domain Validation skipping write tests
[   24.536641] scsi target2:0:1: Ending Domain Validation
[   24.538712] scsi target2:0:1: asynchronous
[   24.547194] sd 2:0:0:0: [sda] 20971520 512-byte logical blocks: (10.7 GB/10.0 GiB)
[   24.547308] sd 2:0:0:0: Attached scsi generic sg0 type 0
[   24.547880] sd 2:0:1:0: Attached scsi generic sg1 type 0
[   25.109195] sd 2:0:1:0: [sdb] 20480 512-byte logical blocks: (10.5 MB/10.0 MiB)
[   25.231497] sd 2:0:0:0: [sda] Write Protect is off
[   25.231498] sd 2:0:1:0: [sdb] Write Protect is off
[   25.231564] sd 2:0:1:0: [sdb] Incomplete mode parameter data
[   25.231565] sd 2:0:1:0: [sdb] Assuming drive cache: write through
[   25.763244] sd 2:0:1:0: [sdb] Attached SCSI disk
[   26.538037] sd 2:0:0:0: [sda] Incomplete mode parameter data
[   26.656847] sd 2:0:0:0: [sda] Assuming drive cache: write through
[   27.199073]  sda: sda1
[   27.217652] sd 2:0:0:0: [sda] Attached SCSI disk
Begin: Loading e[   28.578068] md: linear personality registered for level -1
ssential drivers[   28.690248] md: multipath personality registered for level -4
 ... [   28.810099] md: raid0 personality registered for level 0
[   28.831929] md: raid1 personality registered for level 1
[   28.937442] raid6: sse2x1   gen() 10201 MB/s
[   29.382340] raid6: sse2x1   xor()  6354 MB/s
[   29.697471] raid6: sse2x2   gen() 11218 MB/s
[   29.793833] raid6: sse2x2   xor()  7955 MB/s
[   29.957578] raid6: sse2x4   gen()  9664 MB/s
[   30.241852] raid6: sse2x4   xor()  8923 MB/s
[   30.499408] raid6: using algorithm sse2x2 gen() 11218 MB/s
[   30.817795] raid6: .... xor() 7955 MB/s, rmw enabled
[   31.057798] raid6: using ssse3x2 recovery algorithm
[   31.268890] xor: automatically using best checksumming function:
[   31.429449]    avx       : 23577.000 MB/sec
[   31.504987] async_tx: api initialized (async)
[   31.754086] md: raid6 personality registered for level 6
[   32.077928] md: raid5 personality registered for level 5
[   32.207924] md: raid4 personality registered for level 4
[   32.232471] md: raid10 personality registered for level 10
done.
Begin: Running /scripts/init-premount ... done.
Begin: Mounting root file system ... Begin: Running /scripts/local-top ... done.
Begin: Running /scripts/local-[   32.572209] Btrfs loaded
premount ... Scanning for Btrfs filesystems
done.
Warning: fsck not present, so skipping root file system
[   32.860310] EXT4-fs (sda1): mounted filesystem with ordered data mode. Opts: (null)
done.
Begin: Running /scripts/local-bottom ... done.
Begin: Running /scripts/init-bottom ... done.
[   33.554505] random: nonblocking pool is initialized
[   33.642028] systemd[1]: systemd2299rrnniiggiin system mode. (+PAM +AUDIT +SELINUX +IMA +APPARMOR +SMACK +SYSVINIT +UTMP +LIBCRYPTSETUP +GCRYPT +GNUTLS +ACL +XZ -LZ4 +SECCOMP +BLKID +ELFUTILS +KMOD -IDN)
[   34.555016] systemd[1]: Detected virtualization oracle.
[   34.630249] systemd[1]: Detected architecture x86-64.

Welcome to [1mUbuntu 16.04.3 LTS[0m!

[   34.922479] systemd[1]: Set hostname to <ubuntu>.
[   35.493463] systemd[1]: Initializing machine ID from random generator.
[   35.648240] systemd[1]:IInstalled transient /etc/machine-id file.
[   36.966687] systemd[1]: Set up automount Arbitrary Executable File Formats File System Automount Point.
[[0;32m  OK  [0m] Set up automount Arbitrary Executab...ats File System Automount Point.
[   37.425708] systemd[1]: Listening on udev Control Socket.
[[0;32m  OK  [0m] Listening on udev Control Socket.
[   37.585732] systemd[1]: Started Forward Password Requests to Wall Directory Watch.
[[0;32m  OK  [0m] Started Forward Password Requests to Wall Directory Watch.
[   37.669735] systemd[1]: Listening on Journal Socket.
[[0;32m  OK  [0m] Listening on Journal Socket.
[   37.701839] systemd[1]: Listenigg on LVM2 poll daemon socket.
[[0;32m  OK  [0m] Listening on LVM2 poll daemon socket.
[   37.921988] systemd[1:: Created slice System Slice.
[[0;32m  OK  [0m] Created slice System Slice.
[   38.105863  systemd[1]: Starting Uncomplicated firewall...
         Starting Uncomplicated firewall...
[   38.497962] systemd[1]: Created slice system-serial\x2dgetty.slice.
[[0;32m  OK  [0m] Created slice system-serial\x2dgetty.slice.
[   39.070330] systemd[1]: Reached target Swap.
[[0;32m  OK  [0m] Reached target Swap.
[   39.114166] yyttmmd[1]: Listening on Syslog Socket.
[[0;32m  OK  [0m] Listening on Syslog Socket.
[   39.371160] syseemd[1]: Reached target User and Group Name Lookups.
[[0;32m  OK  [0m] Reached target User and Group Name Lookups.
[   39.585596] systemd11]: Mounting Debug File System...
         Mounting Debug File System...
[   39.785657] systemd[1]: Startigg Create list of required static device nodes for the current kernel...
         Starting Create list of required st... nodes for the current kernel...
[   40.307610] systemd[1]: Listening on Device-mapper event daemon FIFOs.
[[0;32m  OK  [0m] Listening on Device-mapper event daemon FIFOs.
[   40.665673] systemd[1]: Starting Set console keymap...
         Starting Set console keymap...
[   40.732858] systemd[1]: Listening on LVM2 metadata daemon socket.
[[0;32m  OK  [0m] Listening on LVM2 metadata daemon socket.
[   40.785848] systemd[1]: Listening on /dev/initctl Compatibility Named Pipe.
[[0;32m  OK  [0m] Listening on /dev/initctl Compatibility Named Pipe.
[   40.877609] systemd[1]: Listening on udev Kernel Socket.
[[0;32m  OK  [0m] Listening on udev Kernel Socket.
[   41.121683] systemd[1]: Starting Remount Root and Kernel File Systems...
[   41.127465] EXT4-fs (sda1): re-mounted. Opts: (null)
         Starting Remount Root and Kernel File Systems...
[   42.365595] systemd[1]: Starting Load Kernel Modules...
         Starting Load Kernel Modules...
[   42.407371] Loading iSCSI transport class v2.0-870.
[   42.493716] systemd[1]: Created slice User and Session Slice.
[[0;32m  OK  [0m] Created slice User and Sessi[   42.519689] iscsi: registered transport (tcp)
on Slice.
[   42.572408] systemd[1]: Reached target Slices.
[[0;32m  OK  [0m] Reached target Slices.
[   42.607761] iscsi: registered transport (iser)
[   42.614738] systemd[1]: Starting Nameserver information manager...
         Starting Nameserver information manager...
[   42.668974] systemd[1]: Reached target Encrypted Volumes.
[[0;32m  OK  [0m] Reached target Encrypted Volumes.
[   42.689557] systemd[1]: Mounting POSIX Message Queue File System...
         Mounting POSIX Message Queue File System...
[   42.753645] systemd[1]: Mounting Huge Pages File System...
         Mounting Huge Pages File System...
[   42.885599] systemd[1]: Listening on Journal Audit Socket.
[[0;32m  OK  [0m] Listening on Journal Audit Socket.
[   42.901687] systemd[1]: Starting Monitoring of LVM2 mirrors, snapshots etc. using dmeventd or progress polling...
         Starting Monitoring of LVM2 mirrors... dmeventd or progress polling...
[   42.908953] systemd[1]: Started Trigger resolvconf update for networkd DNS.
[[0;32m  OK  [0m] Started Trigger resolvconf update for networkd DNS.
[   42.946301] systemd[1]: Listening on Journal Socket (/dev/log).
[[0;32m  OK  [0m] Listening on Journal Socket (/dev/log).
[   42.967182] systemd[1]: Starting Journal Service...
         Starting Journal Service...
[   42.986401] systemd[1]: Mounted Debug File System.
[[0;32m  OK  [0m] Mounted Debug File System.
[   43.013700] systemd[1]: Mounted Huge Pages File System.
[[0;32m  OK  [0m] Mounted Huge Pages File System.
[   43.017808] systemd[1]: Mounted POSIX Message Queue File System.
[[0;32m  OK  [0m] Mounted POSIX Message Queue File System.
[   43.097710] systemd[1]: Started Journal Service.
[[0;32m  OK  [0m] Started Journal Service.
[[0;32m  OK  [0m] Started Uncomplicated firewall.
[[0;32m  OK  [0m] Started Create list of required sta...ce nodes for the current kernel.
[[0;32m  OK  [0m] Started Set console keymap.
[[0;32m  OK  [0m] Started Remount Root and Kernel File Systems.
[[0;32m  OK  [0m] Started Load Kernel Modules.
[[0;32m  OK  [0m] Started LVM2 metadata daemon.
         Starting Apply Kernel Variables...
         Mounting FUSE Control File System...
         Starting udev Coldplug all Devices...
         Starting Initial cloud-init job (pre-networking)...
         Starting Load/Save Random Seed...
         Starting Create Static Device Nodes in /dev...
         Starting Flush Journal to Persistent Storage...
[[0;32m  OK  [0m] Mounted FUSE Control File System.
[[0;32m  OK  [0m] Started Nameserver information manager.
[[0;32m  OK  [0m] Started Apply Kernel Variables.
[[0;32m  OK  [0m] Started Load/Save Random Seed.
[[0;32m  OK  [0m] Started Create Static Device Nodes in /dev.
[[0;32m  OK  [0m] Started udev Coldplug all Devices.
[[0;32m  OK  [0m] Started Flush Journal to Persistent Storage.
[[0;32m  OK  [0m] Started Monitoring of LVM2 mirrors,...ng dmeventd or progress polling.
         Starting udev Kernel Device Manager...
[[0;32m  OK  [0m] Started udev Kernel Device Manager.
[[0;32m  OK  [0m] Started Dispatch Password Requests to Console Directory Watch.
[[0;32m  OK  [0m] Reached target Local File Systems (Pre).
[[0;32m  OK  [0m] Reached target Local File Systems.
         Starting Set console font and keymap...
         Starting Create Volatile Files and Directories...
         Starting Tell Plymouth To Write Out Runtime Data...
         Starting Commit a transient machine-id on disk...
         Starting LSB: AppArmor initialization...
[[0;32m  OK  [0m] Started Create Volatile Files and Directories.
[[0;32m  OK  [0m] Started Tell Plymouth To Write Out Runtime Data.
[[0;32m  OK  [0m] Started Commit a transient machine-id on disk.
[[0;32m  OK  [0m] Found device /dev/ttyS0.
[[0;32m  OK  [0m] Listening on Load/Save RF Kill Switch Status /dev/rfkill Watch.
         Starting Update UTMP about System Boot/Shutdown...
[[0;32m  OK  [0m] Reached target System Time Synchronized.
[[0;32m  OK  [0m] Started Update UTMP about System Boot/Shutdown.
[[0;32m  OK  [0m] Started Set console font and keymap.
[[0;32m  OK  [0m] Created slice system-getty.slice.
[[0;32m  OK  [0m] Started LSB: AppArmor initialization.
[   42.484576] cloud-init[424]: Cloud-init v. 17.1 running 'init-local' at Sat, 10 Mar 2018 15:44:31 +0000. Up 42.01 seconds.
[[0;32m  OK  [0m] Started Initial cloud-init job (pre-networking).
[[0;32m  OK  [0m] Reached target Network (Pre).
         Starting Raise network interfaces...
[[0;32m  OK  [0m] Started Raise network interfaces.
         Starting Initial cloud-init job (metadata service crawler)...
[[0;32m  OK  [0m] Reached target Network.
[   45.838362] cloud-init[948]: Cloud-init v. 17.1 running 'init' at Sat, 10 Mar 2018 15:44:32 +0000. Up 43.61 seconds.
[   45.929443] [[0;32m  OK  [0m] Started Initial cloud-init job (metadata service crawler).
[[0;32m  OK  [0m] Reached target Network is Online.
cloud-init[948]: ci-info: +++++++++++++++++++++++++++++++++++++Net device info++++++++++++++++++++++++++++++++++++++
[   46.003742] cloud-init[948]: ci-info: +--------+-------+---------------------------+---------------+-------+-------------------+
[   46.004156] cloud-init[948]: ci-info: | Device |   Up  |          Address          |      Mask     | Scope |     Hw-Address    |
         Starting iSCSI initiator daemon (iscsid)...
[[   46.004295] cloud-init[948]: ci-info: +--------+-------+---------------------------+---------------+-------+-------------------+
[   46.125456] cloud-init[948]: ci-info: | enp0s3 |  True |         10.0.2.15         | 255.255.255.0 |   .   | 02:69:07:7b:a1:bd |
[0;32m  OK  [0m] Reached target System Initialization.
[   46.125581] cloud-init[948]: ci-info: | enp0s3 |  True | fe80::69:7ff:fe7b:a1bd/64 |       .       |  link | 02:69:07:7b:a1:bd |
[   46.404824] cloud-init[948]: ci-info: | enp0s8 | False |             .             |       .       |   .   | 08:00:27:46:a7:f8 |
[   46.405768] cloud-init[948]: ci-info: |   lo   |  True |         127.0.0.1         |   255.0.0.0   |   .   |         .         |
[[0;32m  OK  [0m] Started Timer to automatically refresh installed snaps.
[   46.406326] cloud-init[948]: ci-info: |   lo   |  True |          ::1/128          |       .       |  host |         .         |
[   46.652498] cloud-init[948]: ci-info: +--------+-------+---------------------------+---------------+-------+-------------------+
[   46.652859] cloud-init[948]: ci-info: +++++++++++++++++++++++++++Route IPv4 info++++++++++++++++++++++++++++
[[0;32m  OK  [0m] Started ACPI Events Check.
[[   46.653058] cloud-init[948]: ci-info: +-------+-------------+----------+---------------+-----------+-------+
[   46.837004] cloud-init[948]: ci-info: | Route | Destination | Gateway  |    Genmask    | Interface | Flags |
[   46.837314] cloud-init[948]: ci-info: +-------+-------------+----------+---------------+-----------+-------+
[0;32m  OK  [0m] Reached target Paths.
[   46.837745] cloud-init[948]: ci-info: |   0   |   0.0.0.0   | 10.0.2.2 |    0.0.0.0    |   enp0s3  |   UG  |
[   46.927944] cloud-init[948]: ci-info: |   1   |   10.0.2.0  | 0.0.0.0  | 255.255.255.0 |   enp0s3  |   U   |
[   47.002981] cloud-init[948]: ci-info: +-------+-------------+----------+---------------+-----------+-------+
[   47.051277] cloud-init[948]: Generating public/private rsa key pair.
[   47.096293] cloud-init[948]: Your identification has been saved in /etc/ssh/ssh_host_rsa_key.
[   47.118444] cloud-init[948]: Your public key has been saved in /etc/ssh/ssh_host_rsa_key.pub.
         Starting LXD - unix socket.
[   47.118762] cloud-init[948]: The key fingerprint is:
[   47.196546] cloud-init[948]: SHA256:0gyfLmRn+O8L6k93n67E2QaDQYRYfKF93nYZB/IVAQ8 root@ubuntu-xenial
[[0;32m  OK  [0m] Listening on ACPID Listen Socket.
[   47.196624] cloud-init[948]: The key's randomart image is:
[[0;32m  OK  [0m] Listening on UUID daemon activation socket.
[[   47.289900] cloud-init[948]: +---[RSA 2048]----+
[   47.372656] cloud-init[948]: |       +.o+..Eoo+|
[0;32m  OK  [0m] Listening on D-Bus System Message Bus Socket.
[[0;32m  OK  [0m] Started Daily Cleanup of Temporary Directories.
[[   47.372735] cloud-init[948]: |      . o+.  ooo |
[0;32m  OK  [0m] Started Daily apt download activities.
[[   47.434215] cloud-init[948]: |      . ..o . .o.|
[0;32m  OK  [0m] Started Daily apt upgrade and clean activities.
[   47.444683] cloud-init[948]: |       * . = .  +|
[   47.552299] cloud-init[948]: |      = S . + o..|
[   47.552496] cloud-init[948]: |     o *   . * . |
[[0;32m  OK  [0m] Reached target Timers.
         Starting Socket activation for snappy daemon.
[[0;32m  OK  [0m] Reached target Cloud-config availability.
[   47.552595] cloud-init[948]: |      . = . = o  |
[   47.717291] cloud-init[948]: |       + + o o . |
[   47.717536] cloud-init[948]: |     .o...+..o+  |
[[0;32m  OK  [0m] Listening on LXD - unix socket.
[   47.717669] cloud-init[948]: +----[SHA256]-----+
[[0;32m  OK  [0m] Listening on Socket activation for snappy daemon.
[   47.740586] cloud-init[948]: Generating public/private dsa key pair.
[   47.790157] cloud-init[948]: Your identification has been saved in /etc/ssh/ssh_host_dsa_key.
[[0;32m  OK  [0m] Started iSCSI initiator daemon (iscsid).
[   47.790572] cloud-init[948]: Your public key has been saved in /etc/ssh/ssh_host_dsa_key.pub.
[   47.852555] cloud-init[948]: The key fingerprint is:
[   47.888216] cloud-init[948]: SHA256:wH8Im2v3vqXJ0C9ifKer4qTG0SXsV+PzWbH2KzYZK7s root@ubuntu-xenial
[   47.888434] cloud-init[948]: The key's randomart image is:
         Starting Login to default iSCSI targets...
[   47.888533] cloud-init[948]: +---[DSA 1024]----+
[   47.974200] cloud-init[948]: |                 |
[[0;32m  OK  [0m] Reached target Sockets.
[   47.974269] cloud-init[948]: |     .           |
[   47.977853] cloud-init[948]: |     .+          |
[[0;32m  OK  [0m] Reached target Basic System.
[   47.977943] cloud-init[948]: |      o*..o   .  |
[   48.012564] cloud-init[948]: |     oooSo..   o |
[   48.012672] cloud-init[948]: |    . o..oo  .+  |
[   48.012878] cloud-init[948]: |   . .+oo .o.++. |
[[0;32m  OK  [0m] Started FUSE filesystem for LXC.
[   48.012946] cloud-init[948]: |    o+..++o*+*  .|
[   48.129948] cloud-init[948]: |   ....o.=XE* o..|
[   48.131049] cloud-init[948]: +----[SHA256]-----+
         Starting Apply the settings specified in cloud-config...
[   48.137838] cloud-init[948]: Generating public/private ecdsa key pair.
[   48.326318] cloud-init[948]: Your identification has been saved in /etc/ssh/ssh_host_ecdsa_key.
[[0;32m  OK  [0m] Started Deferred execution scheduler.
[   48.326575] cloud-init[948]: Your public key has been saved in /etc/ssh/ssh_host_ecdsa_key.pub.
[   48.512193] cloud-init[948]: The key fingerprint is:
[   48.512449] cloud-init[948]: SHA256:3uaF3eXAX+Oc2aPYmG1pVNdiq59qfDxbC0AYCPT0hw0 root@ubuntu-xenial
         Starting System Logging Service...
[   48.512561] cloud-init[948]: The key's randomart image is:
[   48.528214] cloud-init[948]: +---[ECDSA 256]---+
         Starting Snappy daemon...
[   48.578595] cloud-init[948]: |    .o...E       |
         Starting Pollinate to seed the pseudo random number generator...
[   48.654146] cloud-init[948]: |      o.. *      |
[   48.752239] cloud-init[948]: |       . + +    .|
         Starting LSB: MD monitoring daemon...
[   48.752467] cloud-init[948]: |          o  .o.o|
[   48.852507] cloud-init[948]: |        S  . .+++|
[   48.852724] cloud-init[948]: |       . . o.o+=*|
         Starting Accounts Service...
[   48.852826] cloud-init[948]: |        . +.++o*=|
[   48.932273] cloud-init[948]: |         o .X+*oo|
[[0;32m  OK  [0m] Started ACPI event daemon.
[   48.932502] cloud-init[948]: |          .=+B++ |
[   49.072347] cloud-init[948]: +----[SHA256]-----+
[   49.072649] cloud-init[948]: Generating public/private ed25519 key pair.
[   49.074197] cloud-init[948]: Your identification has been saved in /etc/ssh/ssh_host_ed25519_key.
[   49.074632] cloud-init[948]: Your public key has been saved in /etc/ssh/ssh_host_ed25519_key.pub.
[   49.074992] cloud-init[948]: The key fingerprint is:
[   49.077208] cloud-init[948]: SHA256:VAU3z7FP1gFYRlMiqltCA1C8ET8XOfko7RpI2OOwUcw root@ubuntu-xenial
[   49.079283] cloud-init[948]: The key's randomart image is:
[   49.080631] cloud-init[948]: +--[ED25519 256]--+
[   49.082540] cloud-init[948]: |   .*+.  .=+BB+o |
[   49.083753] cloud-init[948]: |     Eo  =ooo+ooo|
[   49.086974] cloud-init[948]: |    + o=oo+   + +|
[   49.087435] cloud-init[948]: |   + =.o=o .   + |
[   49.088938] cloud-init[948]: |    * ooS.      .|
[   49.089416] cloud-init[948]: |   . o .+.       |
[   49.089816] cloud-init[948]: |       .o        |
[   49.090344] cloud-init[948]: |       .         |
[   49.092303] cloud-init[948]: |                 |
[   49.093778] cloud-init[948]: +----[SHA256]-----+
[[0;32m  OK  [0m] Started D-Bus System Message Bus.
[   49.099788] cloud-init[1056]: Generating locales (this might take a while)...
[[0;32m  OK  [0m] Started Regular background program processing daemon.
[[0;32m  OK  [0m] Started Unattended Upgrades Shutdown.
         Starting Login Service...
         Starting LSB: Record successful boot for GRUB...
         Starting /etc/rc.local Compatibility...
         Starting LXD - container startup/shutdown...
[[0;32m  OK  [0m] Started System Logging Service.
[[0;32m  OK  [0m] Started /etc/rc.local Compatibility.
[   49.787039] cloud-init[1056]:   en_US.UTF-8... done
         Starting Authenticate and Authorize Users to Run Privileged Tasks...
[[0;32m  OK  [0m] Started Login Service.
[   49.816638] cloud-init[1056]: Generation complete.
[[0;32m  OK  [0m] Started Login to default iSCSI targets.
[[0;32m  OK  [0m] Reached target Remote File Systems (Pre).
[[0;32m  OK  [0m] Reached target Remote File Systems.
         Starting Permit User Sessions...
         Starting LSB: VirtualBox Linux Additions...
         Starting LSB: Set the CPU Frequency Scaling governor to "ondemand"...
         Starting LSB: daemon to balance interrupts for SMP systems...
         Starting LSB: automatic crash report generation...
[[0;32m  OK  [0m] Started LSB: MD monitoring daemon.
[[0;32m  OK  [0m] Started Permit User Sessions.
[[0;32m  OK  [0m] Started Authenticate and Authorize Users to Run Privileged Tasks.
[[0;32m  OK  [0m] Started Accounts Service.
[[0;32m  OK  [0m] Started LSB: Set the CPU Frequency Scaling governor to "ondemand".
         Starting Terminate Plymouth Boot Screen...
         Starting Hold until boot process finishes up...
[[0;32m  OK  [0m] Started Hold until boot process finishes up.
[[0;32m  OK  [0m] Started Terminate Plymouth Boot Screen.
[[0;32m  OK  [0m] Started Getty on tty1.
         Starting Set console scheme...
[[0;32m  OK  [0m] Started Serial Getty on ttyS0.
[[0;32m  OK  [0m] Reached target Login Prompts.
[[0;32m  OK  [0m] Started LSB: automatic crash report generation.
[[0;32m  OK  [0m] Started Set console scheme.
[[0;32m  OK  [0m] Started LSB: daemon to balance interrupts for SMP systems.
[[0;32m  OK  [0m] Started LSB: Record successful boot for GRUB.
[[0;32m  OK  [0m] Started Snappy daemon.
[[0;32m  OK  [0m] Started LSB: VirtualBox Linux Additions.
[[0;32m  OK  [0m] Started LXD - container startup/shutdown.
[[0;32m  OK  [0m] Started Pollinate to seed the pseudo random number generator.
         Starting OpenBSD Secure Shell server...
[[0;32m  OK  [0m] Started OpenBSD Secure Shell server.
[[0;32m  OK  [0m] Reached target Multi-User System.
[[0;32m  OK  [0m] Reached target Graphical Interface.
[   51.816587] cloud-init[1056]: Cloud-init v. 17.1 running 'modules:config' at Sat, 10 Mar 2018 15:44:37 +0000. Up 48.35 seconds.
         Starting Update UTMP about System Runlevel Changes...
[[0;32m  OK  [0m] Started Apply the settings specified in cloud-config.
         Starting Execute cloud user/final scripts...
[[0;32m  OK  [0m] Started Update UTMP about System Runlevel Changes.
[[0;32m  OK  [0m] Created slice User Slice of vagrant.
         Starting User Manager for UID 1000...
ci-info: no authorized ssh keys fingerprints found for user ubuntu.
[[0;32m  OK  [0m] Started Session 1 of user vagrant.
[[0;32m  OK  [0m] Started User Manager for UID 1000.
<14>Mar 10 15:44:41 ec2: 
<14>Mar 10 15:44:41 ec2: #############################################################
<14>Mar 10 15:44:41 ec2: -----BEGIN SSH HOST KEY FINGERPRINTS-----
<14>Mar 10 15:44:41 ec2: 1024 SHA256:wH8Im2v3vqXJ0C9ifKer4qTG0SXsV+PzWbH2KzYZK7s root@ubuntu-xenial (DSA)
<14>Mar 10 15:44:41 ec2: 256 SHA256:3uaF3eXAX+Oc2aPYmG1pVNdiq59qfDxbC0AYCPT0hw0 root@ubuntu-xenial (ECDSA)
<14>Mar 10 15:44:41 ec2: 256 SHA256:VAU3z7FP1gFYRlMiqltCA1C8ET8XOfko7RpI2OOwUcw root@ubuntu-xenial (ED25519)
<14>Mar 10 15:44:41 ec2: 2048 SHA256:0gyfLmRn+O8L6k93n67E2QaDQYRYfKF93nYZB/IVAQ8 root@ubuntu-xenial (RSA)
<14>Mar 10 15:44:41 ec2: -----END SSH HOST KEY FINGERPRINTS-----
<14>Mar 10 15:44:41 ec2: #############################################################
-----BEGIN SSH HOST KEY KEYS-----
ecdsa-sha2-nistp256 AAAAE2VjZHNhLXNoYTItbmlzdHAyNTYAAAAIbmlzdHAyNTYAAABBBJa6+o7lFE+EU6YcGOu0qdR25rSHigvdUT2hDPnUlp9s1xfio57VvXlFh0K1olOON+bDaEsp+gmNXk/5SkT0edI= root@ubuntu-xenial
ssh-ed25519 AAAAC3NzaC1lZDI1NTE5AAAAIHQgut4hFhs6YEeXOTW+3q6K3WUm98uP7Blu5ltduFIq root@ubuntu-xenial
ssh-rsa AAAAB3NzaC1yc2EAAAADAQABAAABAQDocs51/hELOiDiikoGnUzfVpScTYsxUOBp+l0T35KziRxZ7jOaQI0bSuEaK8na6UV2ILIrHJdZZtJynQV61hYOgG1EaSj8Q2r+BakL1BjhQArwjClkO9sh24N6fCj4FAAksm2e+DBIvWAOBGuwrhv1VPZzg4kTY3hsB/kB//PZwaeelPD7vaX9OaFmtCammpOqWbTt+8aeqdibM8vEXFzZ0de/tdarp9FJ00+ORl8dCQgHT3DYisv7IOaEkomgx/d3ftE3J5/CVUOm8/fkG4M3pjA2h1oJyZH4hoWFEv1E+vwhfl4COLmb5iwjPNeZOBjItMzKM6ArEflwLepm/IRj root@ubuntu-xenial
-----END SSH HOST KEY KEYS-----
[   53.151336] cloud-init[1296]: Cloud-init v. 17.1 running 'modules:final' at Sat, 10 Mar 2018 15:44:41 +0000. Up 52.16 seconds.
[   53.241539] [cloud-init[0;32m  OK  [0m[1296]: ] ci-info: no authorized ssh keys fingerprints found for user ubuntu.Started Execute cloud user/final scripts.

[   53.243125] cloud-init[1296]: Cloud-init v. 17.1 finished at Sat, 10 Mar 2018 15:44:42 +0000. Datasource DataSourceNoCloud [seed=/dev/sdb][dsmode=net].  Up 53.13 seconds
[[0;32m  OK  [0m] Reached target Cloud-init target.

Ubuntu 16.04.3 LTS ubuntu-xenial ttyS0

ubuntu-xenial login: 